<?xml version="1.0" encoding="UTF-8"?>
<testsuite xmlns:xsi="http://www.w3.org/2001/XMLSchema-instance" xsi:noNamespaceSchemaLocation="https://maven.apache.org/surefire/maven-surefire-plugin/xsd/surefire-test-report-3.0.xsd" version="3.0" name="charlyday.ccd.CcdApplicationTests" time="4.55" tests="1" errors="0" skipped="0" failures="0">
  <properties>
[...]
</properties>
  <testcase name="contextLoads" classname="charlyday.ccd.CcdApplicationTests" time="0.317">
    <system-out><![CDATA[18:12:30.897 [main] INFO org.springframework.test.context.support.AnnotationConfigContextLoaderUtils -- Could not detect default configuration classes for test class [charlyday.ccd.CcdApplicationTests]: CcdApplicationTests does not declare any static, non-private, non-final, nested classes annotated with @Configuration.
18:12:30.955 [main] INFO org.springframework.boot.test.context.SpringBootTestContextBootstrapper -- Found @SpringBootConfiguration charlyday.ccd.CcdApplication for test class charlyday.ccd.CcdApplicationTests

  .   ____          _            __ _ _
 /\\ / ___'_ __ _ _(_)_ __  __ _ \ \ \ \
( ( )\___ | '_ | '_| | '_ \/ _` | \ \ \ \
 \\/  ___)| |_)| | | | | || (_| |  ) ) ) )
  '  |____| .__|_| |_|_| |_\__, | / / / /
 =========|_|==============|___/=/_/_/_/

 :: Spring Boot ::                (v3.3.8)

2025-02-13T18:12:31.145+01:00  INFO 10555 --- [           main] charlyday.ccd.CcdApplicationTests        : Starting CcdApplicationTests using Java 21.0.2 with PID 10555 (started by thomas_mchl in /Users/thomas_mchl/IdeaProjects/crazy_charly_day_2025/serveur)
2025-02-13T18:12:31.146+01:00  INFO 10555 --- [           main] charlyday.ccd.CcdApplicationTests        : No active profile set, falling back to 1 default profile: "default"
2025-02-13T18:12:31.695+01:00  INFO 10555 --- [           main] .s.d.r.c.RepositoryConfigurationDelegate : Bootstrapping Spring Data JPA repositories in DEFAULT mode.
2025-02-13T18:12:31.723+01:00  INFO 10555 --- [           main] .s.d.r.c.RepositoryConfigurationDelegate : Finished Spring Data repository scanning in 23 ms. Found 4 JPA repository interfaces.
2025-02-13T18:12:31.787+01:00  WARN 10555 --- [           main] .s.s.b.a.TimefoldSolverAutoConfiguration : Skipping Timefold loading because there are no @PlanningSolution  or @PlanningEntity annotated classes.
Maybe your annotated classes are not in a subpackage of your @SpringBootApplication annotated class's package.
Maybe move your planning solution and entity classes to your application class's (sub)package (or use @EntityScan).
2025-02-13T18:12:32.300+01:00  INFO 10555 --- [           main] com.zaxxer.hikari.HikariDataSource       : HikariPool-1 - Starting...
2025-02-13T18:12:32.401+01:00  INFO 10555 --- [           main] com.zaxxer.hikari.pool.HikariPool        : HikariPool-1 - Added connection conn0: url=jdbc:h2:mem:367188b5-16a2-4775-aa04-8d610df0f891 user=SA
2025-02-13T18:12:32.407+01:00  INFO 10555 --- [           main] com.zaxxer.hikari.HikariDataSource       : HikariPool-1 - Start completed.
2025-02-13T18:12:32.444+01:00  INFO 10555 --- [           main] liquibase.database                       : Set default schema name to PUBLIC
2025-02-13T18:12:32.599+01:00  INFO 10555 --- [           main] liquibase.changelog                      : Reading resource: db/changelog/RELEASES/00-INIT-UTILISATEURS.xml
2025-02-13T18:12:32.699+01:00  INFO 10555 --- [           main] liquibase.changelog                      : Reading resource: db/changelog/RELEASES/01-INIT-COMPETENCES.xml
2025-02-13T18:12:32.721+01:00  INFO 10555 --- [           main] liquibase.changelog                      : Reading resource: db/changelog/RELEASES/02-INIT-BESOINS.xml
2025-02-13T18:12:32.741+01:00  INFO 10555 --- [           main] liquibase.changelog                      : Reading resource: db/changelog/RELEASES/03-INIT-SALARIE-COMPETENCE.xml
2025-02-13T18:12:32.780+01:00  INFO 10555 --- [           main] liquibase.changelog                      : Creating database history table with name: PUBLIC.DATABASECHANGELOG
2025-02-13T18:12:33.036+01:00  INFO 10555 --- [           main] liquibase.changelog                      : Reading from PUBLIC.DATABASECHANGELOG
2025-02-13T18:12:33.078+01:00  INFO 10555 --- [           main] liquibase.lockservice                    : Successfully acquired change log lock
2025-02-13T18:12:33.079+01:00  INFO 10555 --- [           main] liquibase.command                        : Using deploymentId: 9466753079
2025-02-13T18:12:33.080+01:00  INFO 10555 --- [           main] liquibase.changelog                      : Reading from PUBLIC.DATABASECHANGELOG
2025-02-13T18:12:33.096+01:00  INFO 10555 --- [           main] liquibase.ui                             : Running Changeset: db/changelog/RELEASES/00-INIT-UTILISATEURS.xml::create-utilisateurs::Thomas
2025-02-13T18:12:33.100+01:00  INFO 10555 --- [           main] liquibase.changelog                      : Table utilisateurs created
2025-02-13T18:12:33.101+01:00  INFO 10555 --- [           main] liquibase.changelog                      : New row inserted into utilisateurs
2025-02-13T18:12:33.102+01:00  INFO 10555 --- [           main] liquibase.changelog                      : ChangeSet db/changelog/RELEASES/00-INIT-UTILISATEURS.xml::create-utilisateurs::Thomas ran successfully in 6ms
2025-02-13T18:12:33.105+01:00  INFO 10555 --- [           main] liquibase.ui                             : Running Changeset: db/changelog/RELEASES/01-INIT-COMPETENCES.xml::create-utilisateurs::Thomas
2025-02-13T18:12:33.107+01:00  INFO 10555 --- [           main] liquibase.changelog                      : Table competences created
2025-02-13T18:12:33.107+01:00  INFO 10555 --- [           main] liquibase.changelog                      : New row inserted into competences
2025-02-13T18:12:33.107+01:00  INFO 10555 --- [           main] liquibase.changelog                      : ChangeSet db/changelog/RELEASES/01-INIT-COMPETENCES.xml::create-utilisateurs::Thomas ran successfully in 2ms
2025-02-13T18:12:33.111+01:00  INFO 10555 --- [           main] liquibase.ui                             : Running Changeset: db/changelog/RELEASES/02-INIT-BESOINS.xml::create-utilisateurs::Thomas
2025-02-13T18:12:33.119+01:00  INFO 10555 --- [           main] liquibase.changelog                      : Table besoins created
2025-02-13T18:12:33.120+01:00  INFO 10555 --- [           main] liquibase.changelog                      : New row inserted into besoins
2025-02-13T18:12:33.120+01:00  INFO 10555 --- [           main] liquibase.changelog                      : ChangeSet db/changelog/RELEASES/02-INIT-BESOINS.xml::create-utilisateurs::Thomas ran successfully in 9ms
2025-02-13T18:12:33.121+01:00  INFO 10555 --- [           main] liquibase.ui                             : Running Changeset: db/changelog/RELEASES/03-INIT-SALARIE-COMPETENCE.xml::create-salarie-competence::Thomas
2025-02-13T18:12:33.126+01:00  INFO 10555 --- [           main] liquibase.changelog                      : Table salarie_competences created
2025-02-13T18:12:33.127+01:00  INFO 10555 --- [           main] liquibase.changelog                      : New row inserted into salarie_competences
2025-02-13T18:12:33.127+01:00  INFO 10555 --- [           main] liquibase.changelog                      : ChangeSet db/changelog/RELEASES/03-INIT-SALARIE-COMPETENCE.xml::create-salarie-competence::Thomas ran successfully in 5ms
2025-02-13T18:12:33.131+01:00  INFO 10555 --- [           main] liquibase.util                           : UPDATE SUMMARY
2025-02-13T18:12:33.131+01:00  INFO 10555 --- [           main] liquibase.util                           : Run:                          4
2025-02-13T18:12:33.131+01:00  INFO 10555 --- [           main] liquibase.util                           : Previously run:               0
2025-02-13T18:12:33.131+01:00  INFO 10555 --- [           main] liquibase.util                           : Filtered out:                 0
2025-02-13T18:12:33.131+01:00  INFO 10555 --- [           main] liquibase.util                           : -------------------------------
2025-02-13T18:12:33.131+01:00  INFO 10555 --- [           main] liquibase.util                           : Total change sets:            4
2025-02-13T18:12:33.132+01:00  INFO 10555 --- [           main] liquibase.util                           : Update summary generated
2025-02-13T18:12:33.133+01:00  INFO 10555 --- [           main] liquibase.command                        : Update command completed successfully.
2025-02-13T18:12:33.133+01:00  INFO 10555 --- [           main] liquibase.ui                             : Liquibase: Update has been successful. Rows affected: 8
2025-02-13T18:12:33.134+01:00  INFO 10555 --- [           main] liquibase.lockservice                    : Successfully released change log lock
2025-02-13T18:12:33.134+01:00  INFO 10555 --- [           main] liquibase.command                        : Command execution complete
2025-02-13T18:12:33.202+01:00  INFO 10555 --- [           main] o.hibernate.jpa.internal.util.LogHelper  : HHH000204: Processing PersistenceUnitInfo [name: default]
2025-02-13T18:12:33.236+01:00  INFO 10555 --- [           main] org.hibernate.Version                    : HHH000412: Hibernate ORM core version 6.5.3.Final
2025-02-13T18:12:33.257+01:00  INFO 10555 --- [           main] o.h.c.internal.RegionFactoryInitiator    : HHH000026: Second-level cache disabled
2025-02-13T18:12:33.420+01:00  INFO 10555 --- [           main] o.s.o.j.p.SpringPersistenceUnitInfo      : No LoadTimeWeaver setup: ignoring JPA class transformer
2025-02-13T18:12:33.595+01:00  WARN 10555 --- [           main] org.hibernate.mapping.RootClass          : HHH000038: Composite-id class does not override equals(): charlyday.ccd.SalarieCompetence.SalarieCompetenceKey
2025-02-13T18:12:33.595+01:00  WARN 10555 --- [           main] org.hibernate.mapping.RootClass          : HHH000039: Composite-id class does not override hashCode(): charlyday.ccd.SalarieCompetence.SalarieCompetenceKey
2025-02-13T18:12:33.907+01:00  INFO 10555 --- [           main] o.h.e.t.j.p.i.JtaPlatformInitiator       : HHH000489: No JTA platform available (set 'hibernate.transaction.jta.platform' to enable JTA platform integration)
2025-02-13T18:12:33.908+01:00  INFO 10555 --- [           main] j.LocalContainerEntityManagerFactoryBean : Initialized JPA EntityManagerFactory for persistence unit 'default'
2025-02-13T18:12:34.215+01:00  WARN 10555 --- [           main] JpaBaseConfiguration$JpaWebConfiguration : spring.jpa.open-in-view is enabled by default. Therefore, database queries may be performed during view rendering. Explicitly configure spring.jpa.open-in-view to disable this warning
2025-02-13T18:12:34.234+01:00  WARN 10555 --- [           main] .s.s.UserDetailsServiceAutoConfiguration : 

Using generated security password: 5afe6f24-ecdd-4636-848c-1d82b7a5fc6b

This generated password is for development use only. Your security configuration must be updated before running your application in production.

2025-02-13T18:12:34.245+01:00  INFO 10555 --- [           main] r$InitializeUserDetailsManagerConfigurer : Global AuthenticationManager configured with UserDetailsService bean with name inMemoryUserDetailsManager
2025-02-13T18:12:34.548+01:00  INFO 10555 --- [           main] o.s.b.a.e.web.EndpointLinksResolver      : Exposing 1 endpoint beneath base path '/actuator'
2025-02-13T18:12:34.664+01:00  INFO 10555 --- [           main] o.s.v.b.OptionalValidatorFactoryBean     : Failed to set up a Bean Validation provider: jakarta.validation.NoProviderFoundException: Unable to create a Configuration, because no Jakarta Bean Validation provider could be found. Add a provider like Hibernate Validator (RI) to your classpath.
2025-02-13T18:12:34.970+01:00  INFO 10555 --- [           main] charlyday.ccd.CcdApplicationTests        : Started CcdApplicationTests in 3.947 seconds (process running for 4.449)
]]></system-out>
    <system-err><![CDATA[WARNING: A Java agent has been loaded dynamically (/Users/thomas_mchl/.m2/repository/net/bytebuddy/byte-buddy-agent/1.14.19/byte-buddy-agent-1.14.19.jar)
WARNING: If a serviceability tool is in use, please run with -XX:+EnableDynamicAgentLoading to hide this warning
WARNING: If a serviceability tool is not in use, please run with -Djdk.instrument.traceUsage for more information
WARNING: Dynamic loading of agents will be disallowed by default in a future release
]]></system-err>
  </testcase>
</testsuite>